Array
(
    [name] => sDSAD
    [timeOfEvent] => 2024-11-10T03:54
    [addressOne] => dadsa
    [addressTwo] => RM 3004
    [city] => dsadsa
    [state] => dsadsa
    [postalCode] => dsadsad
    [country] => dsadsa
    [description] => dsadsad
    [phoneNumber] => 
    [email] => alanah.angus@icloud.com
)
Processed Tags: []
Array
(
    [name] => sDSAD
    [timeOfEvent] => 2024-11-10T03:56
    [addressOne] => dadsa
    [addressTwo] => RM 3004
    [city] => dsadsa
    [state] => dsadsa
    [postalCode] => dsadsa
    [country] => dsadsadsadsa
    [description] => dasdsadsa
    [phoneNumber] => 
    [email] => alanah.angus@icloud.com
)
Processed Tags: []
Array
(
    [name] => sDSAD
    [timeOfEvent] => 2024-11-10T03:56
    [addressOne] => dadsa
    [addressTwo] => RM 3004
    [city] => dsadsa
    [state] => dsadsa
    [postalCode] => dsadsa
    [country] => dsadsadsadsa
    [description] => dasdsadsa
    [phoneNumber] => 
    [email] => alanah.angus@icloud.com
)
Processed Tags: []
Array
(
    [name] => sDSAD
    [timeOfEvent] => 2024-11-10T03:56
    [addressOne] => dadsa
    [addressTwo] => RM 3004
    [city] => dsadsa
    [state] => dsadsa
    [postalCode] => dsadsa
    [country] => dsadsadsadsa
    [description] => dasdsadsa
    [phoneNumber] => 
    [email] => alanah.angus@icloud.com
)
Processed Tags: []
Array
(
    [name] => sDSAD
    [timeOfEvent] => 2024-11-10T03:56
    [addressOne] => dadsa
    [addressTwo] => RM 3004
    [city] => dsadsa
    [state] => dsadsa
    [postalCode] => dsadsa
    [country] => dsadsadsadsa
    [description] => dasdsadsa
    [phoneNumber] => 
    [email] => alanah.angus@icloud.com
)
Processed Tags: []
Array
(
    [name] => sDSAD
    [timeOfEvent] => 2024-11-10T03:56
    [addressOne] => dadsa
    [addressTwo] => RM 3004
    [city] => dsadsa
    [state] => dsadsa
    [postalCode] => dsadsa
    [country] => dsadsadsadsa
    [description] => dasdsadsa
    [phoneNumber] => 
    [email] => alanah.angus@icloud.com
)
Processed Tags: []
Array
(
    [name] => sDSAD
    [timeOfEvent] => 2024-11-10T04:01
    [addressOne] => dadsa
    [addressTwo] => RM 3004
    [city] => dsadsa
    [state] => dsadsa
    [postalCode] => fsfdewrfdew
    [country] => dsadsadsadsa
    [description] => dasdsadsad
    [phoneNumber] => 
    [email] => alanah.angus@icloud.com
)
Processed Tags: []
Array
(
    [name] => sDSAD
    [timeOfEvent] => 2024-11-10T04:01
    [addressOne] => dadsa
    [addressTwo] => RM 3004
    [city] => dsadsa
    [state] => dsadsa
    [postalCode] => fsfdewrfdew
    [country] => dsadsadsadsa
    [description] => dasdsadsad
    [phoneNumber] => 
    [email] => alanah.angus@icloud.com
)
Processed Tags: []
Array
(
    [name] => sDSAD
    [timeOfEvent] => 2024-11-10T04:01
    [addressOne] => dadsa
    [addressTwo] => RM 3004
    [city] => dsadsa
    [state] => dsadsa
    [postalCode] => fsfdewrfdew
    [country] => dsadsadsadsa
    [description] => dasdsadsad
    [phoneNumber] => 
    [email] => alanah.angus@icloud.com
    [tags] => Array
        (
            [0] => arts
        )

)
Processed Tags: ["arts"]
Array
(
    [name] => sDSAD
    [timeOfEvent] => 2024-11-10T04:03
    [addressOne] => dadsa
    [addressTwo] => RM 3004
    [city] => dsadsa
    [state] => dsadsa
    [postalCode] => dsadas
    [country] => dsadsadsadsa
    [description] => dsadasd
    [phoneNumber] => 
    [email] => alanah.angus@icloud.com
)
Processed Tags: []
Array
(
    [name] => sDSAD
    [timeOfEvent] => 2024-11-10T04:03
    [addressOne] => dadsa
    [addressTwo] => RM 3004
    [city] => dsadsa
    [state] => dsadsa
    [postalCode] => dsadas
    [country] => dsadsadsadsa
    [description] => dsadasd
    [phoneNumber] => 
    [email] => alanah.angus@icloud.com
)
Processed Tags: []
Array
(
    [name] => sDSAD
    [timeOfEvent] => 2024-11-10T04:03
    [addressOne] => dadsa
    [addressTwo] => RM 3004
    [city] => dsadsa
    [state] => dsadsa
    [postalCode] => dsadas
    [country] => dsadsadsadsa
    [description] => dsadasd
    [phoneNumber] => 
    [email] => alanah.angus@icloud.com
    [tags] => Array
        (
            [0] => arts
        )

)
Processed Tags: ["arts"]
Array
(
    [name] => sDSAD
    [timeOfEvent] => 2024-11-10T04:03
    [addressOne] => dadsa
    [addressTwo] => RM 3004
    [city] => dsadsa
    [state] => dsadsa
    [postalCode] => dsadas
    [country] => dsadsadsadsa
    [description] => dsadasd
    [phoneNumber] => 
    [email] => alanah.angus@icloud.com
    [tags] => Array
        (
            [0] => arts
            [1] => community
        )

)
Processed Tags: ["arts","community"]
Array
(
    [name] => sDSAD
    [timeOfEvent] => 2024-11-10T04:03
    [addressOne] => dadsa
    [addressTwo] => RM 3004
    [city] => dsadsa
    [state] => dsadsa
    [postalCode] => dsadas
    [country] => dsadsadsadsa
    [description] => dsadasd
    [phoneNumber] => 
    [email] => alanah.angus@icloud.com
    [tags] => Array
        (
            [0] => arts
            [1] => community
        )

)
Processed Tags: ["arts","community"]
Array
(
    [name] => dsadsa
    [timeOfEvent] => 2024-11-10T04:14
    [addressOne] => dsadsa
    [addressTwo] => dsadsa
    [city] => dsadsa
    [state] => dsadsa
    [postalCode] => dasdsa
    [country] => sadsadsa
    [description] => sadsadas
    [phoneNumber] => dsadsa
    [email] => angusa@rpi.edu
    [tags] => Array
        (
            [0] => art
        )

)
Processed Tags: ["art"]
